C51 COMPILER V9.00   HRTOS_INT                                                             12/22/2018 18:13:08 PAGE 1   


C51 COMPILER V9.00, COMPILATION OF MODULE HRTOS_INT
OBJECT MODULE PLACED IN .\HRTOS_INT.obj
COMPILER INVOKED BY: F:\C51\BIN\C51.EXE ..\HRTOS_INT.C DEBUG OBJECTEXTEND OBJECT(.\HRTOS_INT.obj)

line level    source

   1          #include<hrtos_api.h>
   2          void os_enter_critical()
   3          {
   4   1          EA=0;
   5   1          os_en_cr_count++;
   6   1      }
   7          void os_exit_critical()
   8          {
   9   1          if(os_en_cr_count>=1)
  10   1          {
  11   2              os_en_cr_count--;
  12   2              if(os_en_cr_count==0)
  13   2              {
  14   3                  EA=1;
  15   3              }
  16   2          }
  17   1      }


MODULE INFORMATION:   STATIC OVERLAYABLE
   CODE SIZE        =     18    ----
   CONSTANT SIZE    =   ----    ----
   XDATA SIZE       =   ----    ----
   PDATA SIZE       =   ----    ----
   DATA SIZE        =   ----    ----
   IDATA SIZE       =   ----    ----
   BIT SIZE         =   ----    ----
END OF MODULE INFORMATION.


C51 COMPILATION COMPLETE.  0 WARNING(S),  0 ERROR(S)
