C51 COMPILER V9.00   HRTOS_TASK_EXIT                                                       12/22/2018 18:13:09 PAGE 1   


C51 COMPILER V9.00, COMPILATION OF MODULE HRTOS_TASK_EXIT
OBJECT MODULE PLACED IN .\HRTOS_TASK_EXIT.obj
COMPILER INVOKED BY: F:\C51\BIN\C51.EXE ..\HRTOS_TASK_EXIT.C DEBUG OBJECTEXTEND OBJECT(.\HRTOS_TASK_EXIT.obj)

line level    source

   1          #include<hrtos_api.h>
   2          void os_task_exit(void)
   3          {
   4   1          EA = 0;
   5   1          os_hrtos_wait=0;
   6   1          TF0=1;
   7   1          EA = 1;
   8   1      }


MODULE INFORMATION:   STATIC OVERLAYABLE
   CODE SIZE        =      9    ----
   CONSTANT SIZE    =   ----    ----
   XDATA SIZE       =   ----    ----
   PDATA SIZE       =   ----    ----
   DATA SIZE        =   ----    ----
   IDATA SIZE       =   ----    ----
   BIT SIZE         =   ----    ----
END OF MODULE INFORMATION.


C51 COMPILATION COMPLETE.  0 WARNING(S),  0 ERROR(S)
