C51 COMPILER V9.00   HRTOS_INT_OK                                                          12/22/2018 18:13:10 PAGE 1   


C51 COMPILER V9.00, COMPILATION OF MODULE HRTOS_INT_OK
OBJECT MODULE PLACED IN .\HRTOS_INT_OK.obj
COMPILER INVOKED BY: F:\C51\BIN\C51.EXE ..\HRTOS_INT_OK.C DEBUG OBJECTEXTEND OBJECT(.\HRTOS_INT_OK.obj)

line level    source

   1          #include<reg51.h>
   2          void hrtos()
   3          {
   4   1              char i;
   5   1              ET0=1;
   6   1              i=2;
   7   1              ET0=0;
   8   1      }


MODULE INFORMATION:   STATIC OVERLAYABLE
   CODE SIZE        =      8    ----
   CONSTANT SIZE    =   ----    ----
   XDATA SIZE       =   ----    ----
   PDATA SIZE       =   ----    ----
   DATA SIZE        =   ----       1
   IDATA SIZE       =   ----    ----
   BIT SIZE         =   ----    ----
END OF MODULE INFORMATION.


C51 COMPILATION COMPLETE.  0 WARNING(S),  0 ERROR(S)
