C51 COMPILER V9.00   TASK                                                                  12/22/2018 18:14:16 PAGE 1   


C51 COMPILER V9.00, COMPILATION OF MODULE TASK
OBJECT MODULE PLACED IN TASK.OBJ
COMPILER INVOKED BY: F:\C51\BIN\C51.EXE TASK.C BROWSE DEBUG OBJECTEXTEND

line level    source

   1          #include <reg51.h>
   2          #include<hrtos_mini.h>
   3          void task_0(void)
   4          {
   5   1          while(1)
   6   1          {
   7   2              P0=0;
   8   2                      hrtos();
   9   2          }
  10   1      }
  11          void task_1(void)
  12          {
  13   1          while(1)
  14   1          {
  15   2              P0=1;
  16   2                      hrtos();
  17   2          }
  18   1      }
  19          void task_2(void)
  20          {
  21   1          while(1)
  22   1          {
  23   2              P0 = 0x3;
  24   2                      hrtos();
  25   2          }
  26   1      }
  27          void task_3(void)
  28          {
  29   1          while(1)
  30   1          {
  31   2              P0 = 7;
  32   2                      hrtos();
  33   2          }
  34   1      }
  35          void task_4(void)
  36          {
  37   1          while(1)
  38   1          {
  39   2              P0 = 15;
  40   2                      hrtos();
  41   2          }
  42   1      }
  43          void main()
  44          {
  45   1          os_init();
  46   1          os_task(0,task_0);
  47   1          os_task(1,task_1);
  48   1          os_task(2,task_2);
  49   1          os_task(3,task_3);
  50   1          os_task(4,task_4);
  51   1          os_start(); while(1);
  52   1      }


MODULE INFORMATION:   STATIC OVERLAYABLE
C51 COMPILER V9.00   TASK                                                                  12/22/2018 18:14:16 PAGE 2   

   CODE SIZE        =     93    ----
   CONSTANT SIZE    =   ----    ----
   XDATA SIZE       =   ----    ----
   PDATA SIZE       =   ----    ----
   DATA SIZE        =   ----    ----
   IDATA SIZE       =   ----    ----
   BIT SIZE         =   ----    ----
END OF MODULE INFORMATION.


C51 COMPILATION COMPLETE.  0 WARNING(S),  0 ERROR(S)
